This is e-upTeX, Version 3.141592653-p4.1.0-u1.29-230214-2.6 (utf8.sjis) (TeX Live 2023) (preloaded format=platex 2023.9.24)  10 NOV 2025 14:28
entering extended mode
 restricted \write18 enabled.
 %&-line parsing enabled.
**ECG.tex
(./ECG.tex
pLaTeX2e <2023-02-14>+1, based on
LaTeX2e <2023-06-01> patch level 1
L3 programming layer <2023-08-29>
(c:/texlive/2023/texmf-dist/tex/platex/base/jarticle.cls
Document Class: jarticle 2020/09/30 v1.8f Standard pLaTeX class
\c@@paper=\count184
(c:/texlive/2023/texmf-dist/tex/platex/base/jsize12.clo
File: jsize12.clo 2020/09/30 v1.8f Standard pLaTeX file (size option)
)
\c@part=\count185
\c@section=\count186
\c@subsection=\count187
\c@subsubsection=\count188
\c@paragraph=\count189
\c@subparagraph=\count190
\c@figure=\count191
\c@table=\count192
\abovecaptionskip=\skip48
\belowcaptionskip=\skip49
\symmincho=\mathgroup4
LaTeX Font Info:    Overwriting symbol font `mincho' in version `bold'
(Font)                  JY1/mc/m/n --> JY1/gt/m/n on input line 615.
\toclineskip=\dimen156
\@lnumwidth=\dimen157
\bibindent=\dimen158
\heisei=\count193
)
(c:/texlive/2023/texmf-dist/tex/latex/graphics/graphicx.sty
Package: graphicx 2021/09/16 v1.2d Enhanced LaTeX Graphics (DPC,SPQR)

(c:/texlive/2023/texmf-dist/tex/latex/graphics/keyval.sty
Package: keyval 2022/05/29 v1.15 key=value parser (DPC)
\KV@toks@=\toks18
)
(c:/texlive/2023/texmf-dist/tex/latex/graphics/graphics.sty
Package: graphics 2022/03/10 v1.4e Standard LaTeX Graphics (DPC,SPQR)

(c:/texlive/2023/texmf-dist/tex/latex/graphics/trig.sty
Package: trig 2021/08/11 v1.11 sin cos tan (DPC)
)
(c:/texlive/2023/texmf-dist/tex/latex/graphics-cfg/graphics.cfg
File: graphics.cfg 2016/06/04 v1.11 sample graphics configuration
)
Package graphics Info: Driver file: dvipdfmx.def on input line 107.

(c:/texlive/2023/texmf-dist/tex/latex/graphics-def/dvipdfmx.def
File: dvipdfmx.def 2022/09/22 v5.0m Graphics/color driver for dvipdfmx
))
\Gin@req@height=\dimen159
\Gin@req@width=\dimen160
)
(c:/texlive/2023/texmf-dist/tex/latex/graphics/color.sty
Package: color 2022/01/06 v1.3d Standard LaTeX Color (DPC)

(c:/texlive/2023/texmf-dist/tex/latex/graphics-cfg/color.cfg
File: color.cfg 2016/01/02 v1.6 sample color configuration
)
Package color Info: Driver file: dvipdfmx.def on input line 149.

(c:/texlive/2023/texmf-dist/tex/latex/graphics/dvipsnam.def
File: dvipsnam.def 2016/06/17 v3.0m Driver-dependent file (DPC,SPQR)
)
(c:/texlive/2023/texmf-dist/tex/latex/graphics/mathcolor.ltx))
(c:/texlive/2023/texmf-dist/tex/latex/here/here.sty)
(c:/texlive/2023/texmf-dist/tex/latex/float/float.sty
Package: float 2001/11/08 v1.3d Float enhancements (AL)
\c@float@type=\count194
\float@exts=\toks19
\float@box=\box68
\@float@everytoks=\toks20
\@floatcapt=\box69
) (./doublespace.sty)
(c:/texlive/2023/texmf-dist/tex/latex/amsmath/amsmath.sty
Package: amsmath 2023/05/13 v2.17o AMS math features
\@mathmargin=\skip50

For additional information on amsmath, use the `?' option.
(c:/texlive/2023/texmf-dist/tex/latex/amsmath/amstext.sty
Package: amstext 2021/08/26 v2.01 AMS text

(c:/texlive/2023/texmf-dist/tex/latex/amsmath/amsgen.sty
File: amsgen.sty 1999/11/30 v2.0 generic functions
\@emptytoks=\toks21
\ex@=\dimen161
))
(c:/texlive/2023/texmf-dist/tex/latex/amsmath/amsbsy.sty
Package: amsbsy 1999/11/29 v1.2d Bold Symbols
\pmbraise@=\dimen162
)
(c:/texlive/2023/texmf-dist/tex/latex/amsmath/amsopn.sty
Package: amsopn 2022/04/08 v2.04 operator names
)
\inf@bad=\count195
LaTeX Info: Redefining \frac on input line 234.
\uproot@=\count196
\leftroot@=\count197
LaTeX Info: Redefining \overline on input line 399.
LaTeX Info: Redefining \colon on input line 410.
\classnum@=\count198
\DOTSCASE@=\count199
LaTeX Info: Redefining \ldots on input line 496.
LaTeX Info: Redefining \dots on input line 499.
LaTeX Info: Redefining \cdots on input line 620.
\Mathstrutbox@=\box70
\strutbox@=\box71
LaTeX Info: Redefining \big on input line 722.
LaTeX Info: Redefining \Big on input line 723.
LaTeX Info: Redefining \bigg on input line 724.
LaTeX Info: Redefining \Bigg on input line 725.
\big@size=\dimen163
LaTeX Font Info:    Redeclaring font encoding OML on input line 743.
LaTeX Font Info:    Redeclaring font encoding OMS on input line 744.
\macc@depth=\count266
LaTeX Info: Redefining \bmod on input line 905.
LaTeX Info: Redefining \pmod on input line 910.
LaTeX Info: Redefining \smash on input line 940.
LaTeX Info: Redefining \relbar on input line 970.
LaTeX Info: Redefining \Relbar on input line 971.
\c@MaxMatrixCols=\count267
\dotsspace@=\muskip16
\c@parentequation=\count268
\dspbrk@lvl=\count269
\tag@help=\toks22
\row@=\count270
\column@=\count271
\maxfields@=\count272
\andhelp@=\toks23
\eqnshift@=\dimen164
\alignsep@=\dimen165
\tagshift@=\dimen166
\tagwidth@=\dimen167
\totwidth@=\dimen168
\lineht@=\dimen169
\@envbody=\toks24
\multlinegap=\skip51
\multlinetaggap=\skip52
\mathdisplay@stack=\toks25
LaTeX Info: Redefining \[ on input line 2953.
LaTeX Info: Redefining \] on input line 2954.
)
(c:/texlive/2023/texmf-dist/tex/latex/amsfonts/amssymb.sty
Package: amssymb 2013/01/14 v3.01 AMS font symbols

(c:/texlive/2023/texmf-dist/tex/latex/amsfonts/amsfonts.sty
Package: amsfonts 2013/01/14 v3.01 Basic AMSFonts support
\symAMSa=\mathgroup5
\symAMSb=\mathgroup6
LaTeX Font Info:    Redeclaring math symbol \hbar on input line 98.
LaTeX Font Info:    Overwriting math alphabet `\mathfrak' in version `bold'
(Font)                  U/euf/m/n --> U/euf/b/n on input line 106.
))
(c:/texlive/2023/texmf-dist/tex/latex/url/url.sty
\Urlmuskip=\muskip17
Package: url 2013/09/16  ver 3.4  Verb mode for urls, etc.
)
(c:/texlive/2023/texmf-dist/tex/latex/cases/cases.sty
Package: cases 2020/03/29 ver 3.2
\numc@numwid=\dimen170
)
(c:/texlive/2023/texmf-dist/tex/latex/fancybox/fancybox.sty
Package: fancybox 2010/05/15 1.4

Style option: `fancybox' v1.4 <2010/05/15> (tvz)
\@fancybox=\box72
\shadowsize=\dimen171
\@Sbox=\box73
\do@VerbBox=\toks26
\the@fancyput=\toks27
\this@fancyput=\toks28
\EndVerbatimTokens=\toks29
\Verbatim@Outfile=\write3
\Verbatim@Infile=\read2
) (c:/texlive/2023/texmf-dist/tex/latex/ascmac/ascmac.sty
Package: ascmac 2020/01/15 v2.1 ascmac wrapper (community edition) 

(c:/texlive/2023/texmf-dist/tex/latex/ascmac/tascmac.sty
Package: tascmac 2020/01/15 v2.1 ascmac package (community edition) 
\@savetbaselineshift=\dimen172
\@saveybaselineshift=\dimen173
\scb@x=\box74
\scscb@x=\box75
\@bw=\dimen174
\@nbox=\box76
\@nbody=\box77
\@scw=\dimen175
\ascmac@hoboxa=\box78
\ascmac@hoboxb=\box79
\@itemh=\dimen176
\@iboxpos=\toks30
\@iboxstr=\box80
\@bwsp=\box81
\@@bwsp=\box82
\@bcal=\count273
\shaderule=\dimen177
))
(c:/texlive/2023/texmf-dist/tex/latex/geometry/geometry.sty
Package: geometry 2020/01/02 v5.9 Page Geometry

(c:/texlive/2023/texmf-dist/tex/generic/iftex/ifvtex.sty
Package: ifvtex 2019/10/25 v1.7 ifvtex legacy package. Use iftex instead.

(c:/texlive/2023/texmf-dist/tex/generic/iftex/iftex.sty
Package: iftex 2022/02/03 v1.0f TeX engine tests
))
\Gm@cnth=\count274
\Gm@cntv=\count275
\c@Gm@tempcnt=\count276
\Gm@bindingoffset=\dimen178
\Gm@wd@mp=\dimen179
\Gm@odd@mp=\dimen180
\Gm@even@mp=\dimen181
\Gm@layoutwidth=\dimen182
\Gm@layoutheight=\dimen183
\Gm@layouthoffset=\dimen184
\Gm@layoutvoffset=\dimen185
\Gm@dimlist=\toks31
)
(c:/texlive/2023/texmf-dist/tex/latex/comment/comment.sty
\CommentStream=\write4

Excluding comment 'comment')
(c:/texlive/2023/texmf-dist/tex/latex/diagbox/diagbox.sty
Package: diagbox 2020/02/09 v2.3 Making table heads with diagonal lines

(c:/texlive/2023/texmf-dist/tex/latex/pict2e/pict2e.sty
Package: pict2e 2020/09/30 v0.4b Improved picture commands (HjG,RN,JT)

(c:/texlive/2023/texmf-dist/tex/latex/pict2e/pict2e.cfg
File: pict2e.cfg 2016/02/05 v0.1u pict2e configuration for teTeX/TeXLive
)
Package pict2e Info: Driver file: dvipdfmx.def on input line 112.
Package pict2e Info: Driver file for pict2e: p2e-dvipdfmx.def on input line 114
.

(c:/texlive/2023/texmf-dist/tex/latex/pict2e/p2e-dvipdfmx.def
File: p2e-dvipdfmx.def 2016/02/05 v0.1u Driver-dependant file (RN,HjG,JT)
)
\pIIe@GRAPH=\toks32
\@arclen=\dimen186
\@arcrad=\dimen187
\pIIe@tempdima=\dimen188
\pIIe@tempdimb=\dimen189
\pIIe@tempdimc=\dimen190
\pIIe@tempdimd=\dimen191
\pIIe@tempdime=\dimen192
\pIIe@tempdimf=\dimen193
)
(c:/texlive/2023/texmf-dist/tex/latex/tools/calc.sty
Package: calc 2017/05/25 v4.3 Infix arithmetic (KKT,FJ)
\calc@Acount=\count277
\calc@Bcount=\count278
\calc@Adimen=\dimen194
\calc@Bdimen=\dimen195
\calc@Askip=\skip53
\calc@Bskip=\skip54
LaTeX Info: Redefining \setlength on input line 80.
LaTeX Info: Redefining \addtolength on input line 81.
\calc@Ccount=\count279
\calc@Cskip=\skip55
)
(c:/texlive/2023/texmf-dist/tex/latex/tools/array.sty
Package: array 2022/09/04 v2.5g Tabular extension package (FMi)
\col@sep=\dimen196
\ar@mcellbox=\box83
\extrarowheight=\dimen197
\NC@list=\toks33
\extratabsurround=\skip56
\backup@length=\skip57
\ar@cellbox=\box84
)
\diagbox@boxa=\box85
\diagbox@boxb=\box86
\diagbox@boxm=\box87
\diagbox@wd=\dimen198
\diagbox@ht=\dimen199
\diagbox@insepl=\dimen256
\diagbox@insepr=\dimen257
\diagbox@outsepl=\dimen258
\diagbox@outsepr=\dimen259
)
(c:/texlive/2023/texmf-dist/tex/latex/xcolor/xcolor.sty
Package: xcolor 2022/06/12 v2.14 LaTeX color extensions (UK)

(c:/texlive/2023/texmf-dist/tex/latex/graphics-cfg/color.cfg
File: color.cfg 2016/01/02 v1.6 sample color configuration
)
Package xcolor Info: Driver file: dvipdfmx.def on input line 227.
LaTeX Info: Redefining \color on input line 711.

(c:/texlive/2023/texmf-dist/tex/latex/graphics/mathcolor.ltx)
Package xcolor Info: Model `cmy' substituted by `cmy0' on input line 1353.
Package xcolor Info: Model `RGB' extended on input line 1369.
Package xcolor Info: Model `HTML' substituted by `rgb' on input line 1371.
Package xcolor Info: Model `Hsb' substituted by `hsb' on input line 1372.
Package xcolor Info: Model `tHsb' substituted by `hsb' on input line 1373.
Package xcolor Info: Model `HSB' substituted by `hsb' on input line 1374.
Package xcolor Info: Model `Gray' substituted by `gray' on input line 1375.
Package xcolor Info: Model `wave' substituted by `hsb' on input line 1376.
)
(c:/texlive/2023/texmf-dist/tex/latex/colortbl/colortbl.sty
Package: colortbl 2022/06/20 v1.0f Color table columns (DPC)
\everycr=\toks34
\minrowclearance=\skip58
\rownum=\count280
)
(c:/texlive/2023/texmf-dist/tex/latex/multirow/multirow.sty
Package: multirow 2021/03/15 v2.8 Span multiple rows of a table
\multirow@colwidth=\skip59
\multirow@cntb=\count281
\multirow@dima=\skip60
\bigstrutjot=\dimen260
)
(c:/texlive/2023/texmf-dist/tex/latex/booktabs/booktabs.sty
Package: booktabs 2020/01/12 v1.61803398 Publication quality tables
\heavyrulewidth=\dimen261
\lightrulewidth=\dimen262
\cmidrulewidth=\dimen263
\belowrulesep=\dimen264
\belowbottomsep=\dimen265
\aboverulesep=\dimen266
\abovetopsep=\dimen267
\cmidrulesep=\dimen268
\cmidrulekern=\dimen269
\defaultaddspace=\dimen270
\@cmidla=\count282
\@cmidlb=\count283
\@aboverulesep=\dimen271
\@belowrulesep=\dimen272
\@thisruleclass=\count284
\@lastruleclass=\count285
\@thisrulewidth=\dimen273
)
(c:/texlive/2023/texmf-dist/tex/latex/pdfpages/pdfpages.sty
Package: pdfpages 2022/12/19 v0.5x Insert pages of external PDF documents (AM)

(c:/texlive/2023/texmf-dist/tex/latex/base/ifthen.sty
Package: ifthen 2022/04/13 v1.1d Standard LaTeX ifthen package (DPC)
)
(c:/texlive/2023/texmf-dist/tex/latex/eso-pic/eso-pic.sty
Package: eso-pic 2023/05/03 v3.0c eso-pic (RN)
\ESO@tempdima=\dimen274
\ESO@tempdimb=\dimen275
)
\AM@pagewidth=\dimen276
\AM@pageheight=\dimen277
\AM@fboxrule=\dimen278

(c:/texlive/2023/texmf-dist/tex/latex/pdfpages/ppdvipdfmx.def
File: ppdvipdfmx.def 2022/12/19 v0.5x Pdfpages driver for dvipdfmx (AM)
)
\pdfpages@includegraphics@status=\count286
\AM@pagebox=\box88
\AM@global@opts=\toks35
\AM@pagecnt=\count287
\AM@toc@title=\toks36
\AM@lof@heading=\toks37
\c@AM@survey=\count288
\AM@templatesizebox=\box89
)
(c:/texlive/2023/texmf-dist/tex/latex/caption/caption.sty
Package: caption 2023/07/31 v3.6n Customizing captions (AR)

(c:/texlive/2023/texmf-dist/tex/latex/caption/caption3.sty
Package: caption3 2023/07/31 v2.4d caption3 kernel (AR)
\caption@tempdima=\dimen279
\captionmargin=\dimen280
\caption@leftmargin=\dimen281
\caption@rightmargin=\dimen282
\caption@width=\dimen283
\caption@indent=\dimen284
\caption@parindent=\dimen285
\caption@hangindent=\dimen286
Package caption Info: Unknown document class (or package),
(caption)             standard defaults will be used.
Package caption Info: \@makecaption = \long macro:#1#2->\vskip \abovecaptionski
p \iftdir \sbox \@tempboxa {#1\hskip 1zw#2}\else \sbox \@tempboxa {#1: #2}\fi \
ifdim \wd \@tempboxa >\hsize \iftdir #1\hskip 1zw#2\relax \par \else #1: #2\rel
ax \par \fi \else \global \@minipagefalse \hb@xt@ \hsize {\hfil \box \@tempboxa
 \hfil }\fi \vskip \belowcaptionskip  on input line 1170.
)

Package caption Warning: Unknown document class (or package),
(caption)                standard defaults will be used.
See the caption package documentation for explanation.

\c@caption@flags=\count289
\c@continuedfloat=\count290
Package caption Info: float package is loaded.
) (c:/texlive/2023/texmf-dist/tex/latex/caption/subcaption.sty
Package: subcaption 2023/07/28 v1.6b Sub-captions (AR)
Package caption Info: New subtype `subfigure' on input line 238.
\c@subfigure=\count291
Package caption Info: New subtype `subtable' on input line 238.
\c@subtable=\count292
)
(c:/texlive/2023/texmf-dist/tex/latex/l3backend/l3backend-dvipdfmx.def
File: l3backend-dvipdfmx.def 2023-04-19 L3 backend support: dvipdfmx
\g__graphics_track_int=\count293
\l__pdf_internal_box=\box90
\g__pdf_backend_object_int=\count294
\g__pdf_backend_annotation_int=\count295
\g__pdf_backend_link_int=\count296
)

LaTeX Warning: Unused global option(s):
    [a4].

No file ECG.aux.
\openout1 = `ECG.aux'.

LaTeX Font Info:    Checking defaults for OML/cmm/m/it on input line 90.
LaTeX Font Info:    ... okay on input line 90.
LaTeX Font Info:    Checking defaults for OMS/cmsy/m/n on input line 90.
LaTeX Font Info:    ... okay on input line 90.
LaTeX Font Info:    Checking defaults for OT1/cmr/m/n on input line 90.
LaTeX Font Info:    ... okay on input line 90.
LaTeX Font Info:    Checking defaults for T1/cmr/m/n on input line 90.
LaTeX Font Info:    ... okay on input line 90.
LaTeX Font Info:    Checking defaults for TS1/cmr/m/n on input line 90.
LaTeX Font Info:    ... okay on input line 90.
LaTeX Font Info:    Checking defaults for OMX/cmex/m/n on input line 90.
LaTeX Font Info:    ... okay on input line 90.
LaTeX Font Info:    Checking defaults for U/cmr/m/n on input line 90.
LaTeX Font Info:    ... okay on input line 90.
LaTeX Font Info:    Checking defaults for JY1/mc/m/n on input line 90.
LaTeX Font Info:    ... okay on input line 90.
LaTeX Font Info:    Checking defaults for JT1/mc/m/n on input line 90.
LaTeX Font Info:    ... okay on input line 90.
*geometry* detected driver: dvipdfm
*geometry* verbose mode - [ preamble ] result:
* driver: dvipdfm
* paper: <default>
* layout: <same size as paper>
* layoutoffset:(h,v)=(0.0pt,0.0pt)
* modes: 
* h-part:(L,W,R)=(89.62709pt, 418.25368pt, 89.6271pt)
* v-part:(T,H,B)=(101.40665pt, 591.5302pt, 152.11pt)
* \paperwidth=597.50787pt
* \paperheight=845.04684pt
* \textwidth=460.93456pt
* \textheight=682.86613pt
* \oddsidemargin=-5.69046pt
* \evensidemargin=17.3571pt
* \topmargin=-28.45274pt
* \headheight=12.0pt
* \headsep=25.0pt
* \topskip=9.33105pt
* \footskip=30.0pt
* \marginparwidth=83.0pt
* \marginparsep=10.0pt
* \columnsep=34.63976pt
* \skip\footins=20.0pt plus 4.0pt minus 4.0pt
* \hoffset=0.0pt
* \voffset=0.0pt
* \mag=1000
* \@twocolumnfalse
* \@twosidefalse
* \@mparswitchfalse
* \@reversemarginfalse
* (1in=72.27pt=25.4mm, 1cm=28.453pt)

(c:/texlive/2023/texmf-dist/tex/latex/pdflscape/pdflscape.sty
Package: pdflscape 2022-10-27 v0.13 Display of landscape pages in PDF

(c:/texlive/2023/texmf-dist/tex/latex/pdflscape/pdflscape-nometadata.sty
Package: pdflscape-nometadata 2022-10-28 v0.13 Display of landscape pages in PD
F (HO)

(c:/texlive/2023/texmf-dist/tex/latex/graphics/lscape.sty
Package: lscape 2020/05/28 v3.02 Landscape Pages (DPC)
)))
Package caption Info: Begin \AtBeginDocument code.
Package caption Info: End \AtBeginDocument code.
LaTeX Font Info:    Trying to load font information for U+msa on input line 96.


(c:/texlive/2023/texmf-dist/tex/latex/amsfonts/umsa.fd
File: umsa.fd 2013/01/14 v3.01 AMS symbols A
)
LaTeX Font Info:    Trying to load font information for U+msb on input line 96.


(c:/texlive/2023/texmf-dist/tex/latex/amsfonts/umsb.fd
File: umsb.fd 2013/01/14 v3.01 AMS symbols B
) [1

]
LaTeX Font Info:    Font shape `JT1/mc/bx/n' in size <17.28> not available
(Font)              Font shape `JT1/gt/m/n' tried instead on input line 130.
LaTeX Font Info:    Font shape `JY1/mc/bx/n' in size <17.28> not available
(Font)              Font shape `JY1/gt/m/n' tried instead on input line 130.

No file ECG.toc.
\tf@toc=\write5
\openout5 = `ECG.toc'.

[1] (./introduction.tex
LaTeX Font Info:    Font shape `JT1/mc/bx/n' in size <14.4> not available
(Font)              Font shape `JT1/gt/m/n' tried instead on input line 4.
LaTeX Font Info:    Font shape `JY1/mc/bx/n' in size <14.4> not available
(Font)              Font shape `JY1/gt/m/n' tried instead on input line 4.
File: figure/hospital.png Graphic file (type bmp)
<figure/hospital.png>

! Argument of \caption@@@withoptargs has an extra }.
<inserted text> 
                \par 
l.8 ...収容までの時間の推移 \label{fig:hospital}}
                                                 
? 
Runaway argument?
{\caption@@xlabel }{\def \reserved@a *{\def \caption@tempa {*}\caption@@withopt
args \ETC.
! Paragraph ended before \caption@@@withoptargs was complete.
<to be read again> 
                   \par 
l.8 ...収容までの時間の推移 \label{fig:hospital}}
                                                 
? 
LaTeX Font Info:    Font shape `JT1/mc/bx/n' in size <12> not available
(Font)              Font shape `JT1/gt/m/n' tried instead on input line 10.
LaTeX Font Info:    Font shape `JY1/mc/bx/n' in size <12> not available
(Font)              Font shape `JY1/gt/m/n' tried instead on input line 10.

LaTeX Warning: Citation `people' on page 1 undefined on input line 10.


LaTeX Warning: Citation `AED' on page 1 undefined on input line 11.


LaTeX Warning: Reference `fig:hospital' on page 1 undefined on input line 12.


LaTeX Warning: Reference `fig:recovry' on page 1 undefined on input line 12.


LaTeX Warning: Reference `fig:survival' on page 1 undefined on input line 12.


LaTeX Warning: Reference `fig:die' on page 1 undefined on input line 14.

[1]
File: figure/recovry.png Graphic file (type bmp)
<figure/recovry.png>
LaTeX Font Info:    Font shape `JT1/mc/bx/n' in size <10.95> not available
(Font)              Font shape `JT1/gt/m/n' tried instead on input line 23.
LaTeX Font Info:    Font shape `JY1/mc/bx/n' in size <10.95> not available
(Font)              Font shape `JY1/gt/m/n' tried instead on input line 23.


LaTeX Warning: Citation `people' on page 2 undefined on input line 23.


LaTeX Warning: Citation `people' on page 2 undefined on input line 23.

! Argument of \caption@@@withoptargs has an extra }.
<inserted text> 
                \par 
l.23 ...率の推移\cite{people} \label{fig:recovry}}
                                                  
? 
Runaway argument?
{\caption@@xlabel }{\def \reserved@a *{\def \caption@tempa {*}\caption@@withopt
args \ETC.
! Paragraph ended before \caption@@@withoptargs was complete.
<to be read again> 
                   \par 
l.23 ...率の推移\cite{people} \label{fig:recovry}}
                                                  
? 
File: figure/survival.png Graphic file (type bmp)
<figure/survival.png>

LaTeX Warning: Citation `people' on page 2 undefined on input line 29.


LaTeX Warning: Citation `people' on page 2 undefined on input line 29.

! Argument of \caption@@@withoptargs has an extra }.
<inserted text> 
                \par 
l.29 ...の推移\cite{people} \label{fig:survival}}
                                                 
? 
Runaway argument?
{\caption@@xlabel }{\def \reserved@a *{\def \caption@tempa {*}\caption@@withopt
args \ETC.
! Paragraph ended before \caption@@@withoptargs was complete.
<to be read again> 
                   \par 
l.29 ...の推移\cite{people} \label{fig:survival}}
                                                 
? 
File: figure/die.png Graphic file (type bmp)
<figure/die.png>

LaTeX Warning: Citation `people' on page 2 undefined on input line 35.


LaTeX Warning: Citation `people' on page 2 undefined on input line 35.

! Argument of \caption@@@withoptargs has an extra }.
<inserted text> 
                \par 
l.35 ...及び救命効果\cite{people} \label{fig:die}}
                                                  
? 
Runaway argument?
{\caption@@xlabel }{\def \reserved@a *{\def \caption@tempa {*}\caption@@withopt
args \ETC.
! Paragraph ended before \caption@@@withoptargs was complete.
<to be read again> 
                   \par 
l.35 ...及び救命効果\cite{people} \label{fig:die}}
                                                  
? 

LaTeX Warning: Citation `count' on page 2 undefined on input line 41.


LaTeX Warning: Citation `JSCI2022' on page 2 undefined on input line 42.


LaTeX Warning: Citation `nature2023' on page 2 undefined on input line 42.


LaTeX Warning: Citation `JSCI2022' on page 2 undefined on input line 45.


LaTeX Warning: Citation `nature2023' on page 2 undefined on input line 47.


LaTeX Warning: Citation `JSCI2022' on page 2 undefined on input line 47.


LaTeX Warning: Citation `SCI' on page 2 undefined on input line 48.


LaTeX Warning: Citation `SCI' on page 2 undefined on input line 49.


LaTeX Warning: Citation `yosikawa' on page 2 undefined on input line 50.

[2] [3]) (./Signal.tex [4]

LaTeX Warning: Citation `ECG' on page 5 undefined on input line 3.

File: figure/QRS.png Graphic file (type bmp)
<figure/QRS.png>

LaTeX Warning: Citation `QRS' on page 5 undefined on input line 9.


LaTeX Warning: Citation `QRS' on page 5 undefined on input line 9.

! Argument of \caption@@@withoptargs has an extra }.
<inserted text> 
                \par 
l.9 ...ption{正常洞調律\cite{QRS} \label{fig:QRS}}
                                                  
? 
Runaway argument?
{\caption@@xlabel }{\def \reserved@a *{\def \caption@tempa {*}\caption@@withopt
args \ETC.
! Paragraph ended before \caption@@@withoptargs was complete.
<to be read again> 
                   \par 
l.9 ...ption{正常洞調律\cite{QRS} \label{fig:QRS}}
                                                  
? 

LaTeX Warning: Reference `fig:QRS' on page 5 undefined on input line 13.


LaTeX Warning: Reference `fig:SR' on page 5 undefined on input line 13.

File: figure/SR.png Graphic file (type bmp)
<figure/SR.png>
File: figure/PEA.png Graphic file (type bmp)
<figure/PEA.png>
File: figure/VT.png Graphic file (type bmp)
<figure/VT.png>
File: figure/ECG_success_10.png Graphic file (type bmp)
<figure/ECG_success_10.png>

LaTeX Warning: Reference `fig:PEA' on page 5 undefined on input line 48.

[5]

LaTeX Warning: Reference `fig:VT' on page 6 undefined on input line 54.


LaTeX Warning: Reference `fig:VF' on page 6 undefined on input line 60.

[6]
File: figure/VF_1.png Graphic file (type bmp)
<figure/VF_1.png>

! Argument of \caption@@@withoptargs has an extra }.
<inserted text> 
                \par 
l.67   \caption{除細動成功 \label{fig:VF_success}}
                                                  
? 
Runaway argument?
{\caption@@xlabel }{\def \reserved@a *{\def \caption@tempa {*}\caption@@withopt
args \ETC.
! Paragraph ended before \caption@@@withoptargs was complete.
<to be read again> 
                   \par 
l.67   \caption{除細動成功 \label{fig:VF_success}}
                                                  
? 
File: figure/VF_2.png Graphic file (type bmp)
<figure/VF_2.png>
! Argument of \caption@@@withoptargs has an extra }.
<inserted text> 
                \par 
l.72   \caption{VF再発 \label{fig:VF_saihatu}}
                                              
? 
Runaway argument?
{\caption@@xlabel }{\def \reserved@a *{\def \caption@tempa {*}\caption@@withopt
args \ETC.
! Paragraph ended before \caption@@@withoptargs was complete.
<to be read again> 
                   \par 
l.72   \caption{VF再発 \label{fig:VF_saihatu}}
                                              
? 
File: figure/VF_3.png Graphic file (type bmp)
<figure/VF_3.png>
! Argument of \caption@@@withoptargs has an extra }.
<inserted text> 
                \par 
l.77   \caption{除細動失敗 \label{fig:VF_sippai}}
                                                 
? 
Runaway argument?
{\caption@@xlabel }{\def \reserved@a *{\def \caption@tempa {*}\caption@@withopt
args \ETC.
! Paragraph ended before \caption@@@withoptargs was complete.
<to be read again> 
                   \par 
l.77   \caption{除細動失敗 \label{fig:VF_sippai}}
                                                 
? 

LaTeX Warning: Reference `fig:VF_success' on page 7 undefined on input line 79.



LaTeX Warning: Reference `fig:VF_sippai' on page 7 undefined on input line 79.


LaTeX Warning: Reference `fig:VF_success' on page 7 undefined on input line 80.



LaTeX Warning: Reference `fig:VF_saihatu' on page 7 undefined on input line 80.



LaTeX Warning: Reference `fig:VF_sippai' on page 7 undefined on input line 81.


LaTeX Warning: Reference `fig:VF_saihatu' on page 7 undefined on input line 81.



LaTeX Warning: Reference `fig:VF_sippai' on page 7 undefined on input line 81.

[7]

LaTeX Warning: Citation `ECG_data' on page 8 undefined on input line 86.


LaTeX Warning: Reference `tab:VFdata' on page 8 undefined on input line 90.

[8] [9]) (./method.tex [10]

LaTeX Warning: Citation `SCI' on page 11 undefined on input line 11.


LaTeX Warning: Reference `f:m_wavelet' on page 11 undefined on input line 18.


LaTeX Warning: Citation `wavelet-fu' on page 11 undefined on input line 21.


LaTeX Warning: Citation `wevelet' on page 11 undefined on input line 21.

[11]

LaTeX Warning: Reference `f:enegy' on page 12 undefined on input line 30.


LaTeX Warning: Citation `wevelet' on page 12 undefined on input line 30.


LaTeX Warning: Reference `fig:VF' on page 12 undefined on input line 36.


LaTeX Warning: Reference `fig:scalo' on page 12 undefined on input line 36.


LaTeX Warning: Citation `JSCI2022' on page 12 undefined on input line 40.


LaTeX Warning: Reference `f:pseudo-2' on page 12 undefined on input line 45.

[12]

LaTeX Warning: Citation `JSCI2022' on page 13 undefined on input line 65.


LaTeX Warning: Reference `fig:scalo_pdo' on page 13 undefined on input line 66.



LaTeX Warning: Reference `fig:scalo' on page 13 undefined on input line 66.


LaTeX Warning: Reference `fig:scalo_pdo' on page 13 undefined on input line 66.


File: figure/scalo_success_10.png Graphic file (type bmp)
<figure/scalo_success_10.png>
! Argument of \caption@@@withoptargs has an extra }.
<inserted text> 
                \par 
l.74 ...on{スカログラム$E(a,b)$ \label{fig:scalo}}
                                                  
? 
Runaway argument?
{\caption@@xlabel }{\def \reserved@a *{\def \caption@tempa {*}\caption@@withopt
args \ETC.
! Paragraph ended before \caption@@@withoptargs was complete.
<to be read again> 
                   \par 
l.74 ...on{スカログラム$E(a,b)$ \label{fig:scalo}}
                                                  
? 
File: figure/scalo_pdo_success_10.png Graphic file (type bmp)
<figure/scalo_pdo_success_10.png>
! Argument of \caption@@@withoptargs has an extra }.
<inserted text> 
                \par 
l.79 ...ラム$E_{pdo}(a,b)$ \label{fig:scalo_pdo}}
                                                 
? 
Runaway argument?
{\caption@@xlabel }{\def \reserved@a *{\def \caption@tempa {*}\caption@@withopt
args \ETC.
! Paragraph ended before \caption@@@withoptargs was complete.
<to be read again> 
                   \par 
l.79 ...ラム$E_{pdo}(a,b)$ \label{fig:scalo_pdo}}
                                                 
? 
File: figure/NSI_success_10.png Graphic file (type bmp)
<figure/NSI_success_10.png>

LaTeX Warning: Reference `fig:scalo' on page 13 undefined on input line 90.


LaTeX Warning: Reference `fig:scalo' on page 13 undefined on input line 90.

! Argument of \caption@@@withoptargs has an extra }.
<inserted text> 
                \par 
l.90 ...ラムによって得られた$NSI$ \label{fig:NSI}}
                                                  
? 
Runaway argument?
{\caption@@xlabel }{\def \reserved@a *{\def \caption@tempa {*}\caption@@withopt
args \ETC.
! Paragraph ended before \caption@@@withoptargs was complete.
<to be read again> 
                   \par 
l.90 ...ラムによって得られた$NSI$ \label{fig:NSI}}
                                                  
? 
File: figure/NSI_pdo_success_10.png Graphic file (type bmp)
<figure/NSI_pdo_success_10.png>

LaTeX Warning: Reference `fig:scalo_pdo' on page 13 undefined on input line 95.



LaTeX Warning: Reference `fig:scalo_pdo' on page 13 undefined on input line 95.


! Argument of \caption@@@withoptargs has an extra }.
<inserted text> 
                \par 
l.95 ...て得られた$NSI_{pdo}$ \label{fig:NSI_pdo}}
                                                  
? 
Runaway argument?
{\caption@@xlabel }{\def \reserved@a *{\def \caption@tempa {*}\caption@@withopt
args \ETC.
! Paragraph ended before \caption@@@withoptargs was complete.
<to be read again> 
                   \par 
l.95 ...て得られた$NSI_{pdo}$ \label{fig:NSI_pdo}}
                                                  
? 
[13]

LaTeX Warning: Reference `fig:scalo' on page 14 undefined on input line 108.


LaTeX Warning: Reference `fig:scalo_pdo' on page 14 undefined on input line 108
.


LaTeX Warning: Reference `fig:NSI' on page 14 undefined on input line 108.


LaTeX Warning: Reference `fig:NSI_pdo' on page 14 undefined on input line 108.

File: figure/NTI_success_10.png Graphic file (type bmp)
<figure/NTI_success_10.png>

LaTeX Warning: Reference `fig:scalo' on page 14 undefined on input line 117.


LaTeX Warning: Reference `fig:scalo' on page 14 undefined on input line 117.

! Argument of \caption@@@withoptargs has an extra }.
<inserted text> 
                \par 
l.117 ...ムによって得られた$NTI$ \label{fig:NTI}}
                                                 
? 
Runaway argument?
{\caption@@xlabel }{\def \reserved@a *{\def \caption@tempa {*}\caption@@withopt
args \ETC.
! Paragraph ended before \caption@@@withoptargs was complete.
<to be read again> 
                   \par 
l.117 ...ムによって得られた$NTI$ \label{fig:NTI}}
                                                 
? 
File: figure/NTI_pdo_success_10.png Graphic file (type bmp)
<figure/NTI_pdo_success_10.png>

LaTeX Warning: Reference `fig:scalo_pdo' on page 14 undefined on input line 122
.


LaTeX Warning: Reference `fig:scalo_pdo' on page 14 undefined on input line 122
.

! Argument of \caption@@@withoptargs has an extra }.
<inserted text> 
                \par 
l.122 ...得られた$NTI_{pdo}$ \label{fig:NTI_pdo}}
                                                 
? 
Runaway argument?
{\caption@@xlabel }{\def \reserved@a *{\def \caption@tempa {*}\caption@@withopt
args \ETC.
! Paragraph ended before \caption@@@withoptargs was complete.
<to be read again> 
                   \par 
l.122 ...得られた$NTI_{pdo}$ \label{fig:NTI_pdo}}
                                                 
? 

LaTeX Warning: Citation `nature2023' on page 14 undefined on input line 126.

[14]

LaTeX Warning: Reference `fig:NTI' on page 15 undefined on input line 131.


LaTeX Warning: Reference `fig:NTI_pdo' on page 15 undefined on input line 131.


LaTeX Warning: Citation `SDW' on page 15 undefined on input line 137.


LaTeX Warning: Reference `fig:SDW' on page 15 undefined on input line 137.


LaTeX Warning: Reference `fig:SDW_pdo' on page 15 undefined on input line 137.

File: figure/SDW_success_10.png Graphic file (type bmp)
<figure/SDW_success_10.png>

LaTeX Warning: Reference `fig:scalo' on page 15 undefined on input line 145.


LaTeX Warning: Reference `fig:scalo' on page 15 undefined on input line 145.

! Argument of \caption@@@withoptargs has an extra }.
<inserted text> 
                \par 
l.145 ...ムによって得られた$SDW$ \label{fig:SDW}}
                                                 
? 
Runaway argument?
{\caption@@xlabel }{\def \reserved@a *{\def \caption@tempa {*}\caption@@withopt
args \ETC.
! Paragraph ended before \caption@@@withoptargs was complete.
<to be read again> 
                   \par 
l.145 ...ムによって得られた$SDW$ \label{fig:SDW}}
                                                 
? 
File: figure/P_SDW_success_10.png Graphic file (type bmp)
<figure/P_SDW_success_10.png>

LaTeX Warning: Reference `fig:scalo_pdo' on page 15 undefined on input line 150
.


LaTeX Warning: Reference `fig:scalo_pdo' on page 15 undefined on input line 150
.

! Argument of \caption@@@withoptargs has an extra }.
<inserted text> 
                \par 
l.150 ...得られた$SDW_{pdo}$ \label{fig:SDW_pdo}}
                                                 
? 
Runaway argument?
{\caption@@xlabel }{\def \reserved@a *{\def \caption@tempa {*}\caption@@withopt
args \ETC.
! Paragraph ended before \caption@@@withoptargs was complete.
<to be read again> 
                   \par 
l.150 ...得られた$SDW_{pdo}$ \label{fig:SDW_pdo}}
                                                 
? 

LaTeX Warning: Reference `fig:PP2' on page 15 undefined on input line 157.

[15]

LaTeX Warning: Reference `fig:PP' on page 16 undefined on input line 162.

File: figure/PP2_success_10.png Graphic file (type bmp)
<figure/PP2_success_10.png>

LaTeX Warning: Reference `fig:VF_success' on page 16 undefined on input line 16
9.


LaTeX Warning: Reference `fig:VF_success' on page 16 undefined on input line 16
9.

! Argument of \caption@@@withoptargs has an extra }.
<inserted text> 
                \par 
l.169 ...対するポアンカレプロット \label{fig:PP2}}
                                                  
? 
Runaway argument?
{\caption@@xlabel }{\def \reserved@a *{\def \caption@tempa {*}\caption@@withopt
args \ETC.
! Paragraph ended before \caption@@@withoptargs was complete.
<to be read again> 
                   \par 
l.169 ...対するポアンカレプロット \label{fig:PP2}}
                                                  
? 
File: figure/PP_success_10.png Graphic file (type bmp)
<figure/PP_success_10.png>

LaTeX Warning: Reference `fig:PP2' on page 16 undefined on input line 174.


LaTeX Warning: Reference `fig:PP2' on page 16 undefined on input line 174.

! Argument of \caption@@@withoptargs has an extra }.
<inserted text> 
                \par 
l.174 ...f{fig:PP2}に対する$l_{i}$ \label{fig:PP}}
                                                  
? 
Runaway argument?
{\caption@@xlabel }{\def \reserved@a *{\def \caption@tempa {*}\caption@@withopt
args \ETC.
! Paragraph ended before \caption@@@withoptargs was complete.
<to be read again> 
                   \par 
l.174 ...f{fig:PP2}に対する$l_{i}$ \label{fig:PP}}
                                                  
? 

LaTeX Warning: Citation `entoropy' on page 16 undefined on input line 180.

File: figure/ShEn_success_10.png Graphic file (type bmp)
<figure/ShEn_success_10.png>

LaTeX Warning: Reference `fig:scalo' on page 16 undefined on input line 186.


LaTeX Warning: Reference `fig:scalo' on page 16 undefined on input line 186.

! Argument of \caption@@@withoptargs has an extra }.
<inserted text> 
                \par 
l.186 ...得られた$\mathcal{S}_e$ \label{fig:shen}}
                                                  
? 
Runaway argument?
{\caption@@xlabel }{\def \reserved@a *{\def \caption@tempa {*}\caption@@withopt
args \ETC.
! Paragraph ended before \caption@@@withoptargs was complete.
<to be read again> 
                   \par 
l.186 ...得られた$\mathcal{S}_e$ \label{fig:shen}}
                                                  
? 
File: figure/P_ShEn_success_10.png Graphic file (type bmp)
<figure/P_ShEn_success_10.png>

LaTeX Warning: Reference `fig:scalo_pdo' on page 16 undefined on input line 191
.


LaTeX Warning: Reference `fig:scalo_pdo' on page 16 undefined on input line 191
.

! Argument of \caption@@@withoptargs has an extra }.
<inserted text> 
                \par 
l.191 ...athcal{S}_e}_{pdo}$ \label{fig:shen_pdo}}
                                                  
? 
Runaway argument?
{\caption@@xlabel }{\def \reserved@a *{\def \caption@tempa {*}\caption@@withopt
args \ETC.
! Paragraph ended before \caption@@@withoptargs was complete.
<to be read again> 
                   \par 
l.191 ...athcal{S}_e}_{pdo}$ \label{fig:shen_pdo}}
                                                  
? 
[16]

LaTeX Warning: Reference `f:shen' on page 17 undefined on input line 200.


LaTeX Warning: Reference `f:shen_pdo' on page 17 undefined on input line 200.


LaTeX Warning: Reference `f:reen' on page 17 undefined on input line 200.


LaTeX Warning: Reference `f:reen_pdo' on page 17 undefined on input line 200.


LaTeX Warning: Citation `SCI' on page 17 undefined on input line 207.


LaTeX Warning: Reference `fig:shen' on page 17 undefined on input line 208.


LaTeX Warning: Reference `fig:shen_pdo' on page 17 undefined on input line 208.



LaTeX Warning: Reference `fig:reen' on page 17 undefined on input line 208.


LaTeX Warning: Reference `fig:reen_pdo' on page 17 undefined on input line 208.


File: figure/ReEn_success_10.png Graphic file (type bmp)
<figure/ReEn_success_10.png>

LaTeX Warning: Reference `fig:scalo' on page 17 undefined on input line 215.


LaTeX Warning: Reference `fig:scalo' on page 17 undefined on input line 215.

! Argument of \caption@@@withoptargs has an extra }.
<inserted text> 
                \par 
l.215 ...得られた$\mathcal{R}_e$ \label{fig:reen}}
                                                  
? 
Runaway argument?
{\caption@@xlabel }{\def \reserved@a *{\def \caption@tempa {*}\caption@@withopt
args \ETC.
! Paragraph ended before \caption@@@withoptargs was complete.
<to be read again> 
                   \par 
l.215 ...得られた$\mathcal{R}_e$ \label{fig:reen}}
                                                  
? 
File: figure/P_ReEn_success_10.png Graphic file (type bmp)
<figure/P_ReEn_success_10.png>

LaTeX Warning: Reference `fig:scalo_pdo' on page 17 undefined on input line 220
.


LaTeX Warning: Reference `fig:scalo_pdo' on page 17 undefined on input line 220
.

! Argument of \caption@@@withoptargs has an extra }.
<inserted text> 
                \par 
l.220 ...athcal{R}_e}_{pdo}$ \label{fig:reen_pdo}}
                                                  
? 
Runaway argument?
{\caption@@xlabel }{\def \reserved@a *{\def \caption@tempa {*}\caption@@withopt
args \ETC.
! Paragraph ended before \caption@@@withoptargs was complete.
<to be read again> 
                   \par 
l.220 ...athcal{R}_e}_{pdo}$ \label{fig:reen_pdo}}
                                                  
? 
[17] [18]

LaTeX Warning: Citation `spp' on page 19 undefined on input line 270.

[19] [20] [21] [22] [23] [24] [25] [26] [27] [28]) (./chi.tex

LaTeX Warning: Citation `chi' on page 29 undefined on input line 12.


LaTeX Warning: Reference `tab:chi' on page 29 undefined on input line 13.


LaTeX Warning: Reference `tab:chi' on page 29 undefined on input line 36.

[29

]

LaTeX Warning: Reference `fig:chi' on page 30 undefined on input line 56.


LaTeX Warning: Reference `tab:re-chi' on page 30 undefined on input line 57.

File: figure/Kai_result.png Graphic file (type bmp)
<figure/Kai_result.png>
! Argument of \caption@@@withoptargs has an extra }.
<inserted text> 
                \par 
l.61 ...aption{${\chi}^2$検定結果 \label{fig:chi}}
                                                  
? 
Runaway argument?
{\caption@@xlabel }{\def \reserved@a *{\def \caption@tempa {*}\caption@@withopt
args \ETC.
! Paragraph ended before \caption@@@withoptargs was complete.
<to be read again> 
                   \par 
l.61 ...aption{${\chi}^2$検定結果 \label{fig:chi}}
                                                  
? 
! Argument of \caption@@@withoptargs has an extra }.
<inserted text> 
                \par 
l.65 ...を用いて選択した特徴量 \label{tab:re-chi}}
                                                  
? 
Runaway argument?
{\caption@@xlabel }{\def \reserved@a *{\def \caption@tempa {*}\caption@@withopt
args \ETC.
! Paragraph ended before \caption@@@withoptargs was complete.
<to be read again> 
                   \par 
l.65 ...を用いて選択した特徴量 \label{tab:re-chi}}
                                                  
? 

LaTeX Warning: `h' float specifier changed to `ht'.

[30] [31]) (./system.tex

LaTeX Warning: Citation `smote' on page 32 undefined on input line 7.


LaTeX Warning: Reference `fig:svm' on page 32 undefined on input line 22.

[32

]
File: figure/svm.png Graphic file (type bmp)
<figure/svm.png>


LaTeX Warning: Citation `svm' on page 33 undefined on input line 32.


LaTeX Warning: Citation `svm' on page 33 undefined on input line 32.

! Argument of \caption@@@withoptargs has an extra }.
<inserted text> 
                \par 
l.32 ...ベクターマシン\cite{svm} \label{fig:svm}}
                                                 
? 
Runaway argument?
{\caption@@xlabel }{\def \reserved@a *{\def \caption@tempa {*}\caption@@withopt
args \ETC.
! Paragraph ended before \caption@@@withoptargs was complete.
<to be read again> 
                   \par 
l.32 ...ベクターマシン\cite{svm} \label{fig:svm}}
                                                 
? 
[33]

LaTeX Warning: Citation `kanndo' on page 34 undefined on input line 62.

) (./result2.tex [34]

LaTeX Warning: Reference `tab:re' on page 35 undefined on input line 11.


LaTeX Warning: Reference `tab:result' on page 35 undefined on input line 12.


LaTeX Warning: Citation `SCI' on page 35 undefined on input line 13.


LaTeX Warning: Citation `yosikawa' on page 35 undefined on input line 13.


LaTeX Warning: `!h' float specifier changed to `!ht'.

[35] [36]

LaTeX Warning: Reference `tab:result' on page 37 undefined on input line 139.


LaTeX Warning: Reference `tab:machine-spe' on page 37 undefined on input line 1
42.


LaTeX Warning: Reference `tab:pre-time' on page 37 undefined on input line 142.



LaTeX Warning: Reference `tab:pre-time' on page 37 undefined on input line 144.


) (./conclusion.tex [37

] [38]

LaTeX Warning: Citation `SCI' on page 39 undefined on input line 12.


LaTeX Warning: Citation `yosikawa' on page 39 undefined on input line 12.


LaTeX Warning: Citation `JSCI2022' on page 39 undefined on input line 17.

) (./thanks.tex [39]) (./biblio.tex [40]
Overfull \hbox (38.92776pt too wide) in paragraph at lines 4--5
[]\JY1/mc/m/n/12 総務省消防庁\OT1/cmr/m/n/12 , "\JY1/mc/m/n/12 令和 \OT1/cmr/m/
n/12 5 \JY1/mc/m/n/12 年版 救急救助の現状\OT1/cmr/m/n/12 ," https://www.fdma.go
.jp/publication/rescue/post-
 []

[41] [42]) [43] (./ECG.aux)
 ***********
pLaTeX2e <2023-02-14>+1, based on
LaTeX2e <2023-06-01> patch level 1
L3 programming layer <2023-08-29>
 ***********


LaTeX Warning: There were undefined references.


LaTeX Warning: Label(s) may have changed. Rerun to get cross-references right.

 ) 
Here is how much of TeX's memory you used:
 7178 strings out of 475586
 115335 string characters out of 5777861
 1961621 words of memory out of 5000000
 28555 multiletter control sequences out of 15000+600000
 579813 words of font info for 125 fonts, out of 8000000 for 9000
 929 hyphenation exceptions out of 8191
 67i,18n,74p,296b,635s stack positions out of 10000i,1000n,20000p,200000b,200000s

Output written on ECG.dvi (45 pages, 144032 bytes).
